<?xml version="1.0" encoding="UTF-8"?>
<!-- Generated by org.testng.reporters.JUnitReportReporter -->
<testsuite hostname="LTIN293180" failures="0" tests="10" name="testCases.MmtResultPageTest" time="14.073" errors="0" timestamp="2024-01-26T11:28:05 IST" skipped="0">
  <testcase classname="testCases.MmtResultPageTest" name="clickOnCabsTest" time="0.360"/>
  <testcase classname="testCases.MmtResultPageTest" name="inputfromCityTest" time="2.166"/>
  <testcase classname="testCases.MmtResultPageTest" name="inputToCityTest" time="0.965"/>
  <testcase classname="testCases.MmtResultPageTest" name="inputDateTest" time="0.223"/>
  <testcase classname="testCases.MmtResultPageTest" name="inputTimeTest" time="1.103"/>
  <testcase classname="testCases.MmtResultPageTest" name="clickOnSearchTest" time="2.654"/>
  <testcase classname="testCases.MmtResultPageTest" name="selectSUVTest" time="2.110"/>
  <testcase classname="testCases.MmtResultPageTest" name="selectLowestPriceTest" time="0.112"/>
  <testcase classname="testCases.MmtResultPageTest" name="selectGiftTest" time="2.813"/>
  <testcase classname="testCases.MmtResultPageTest" name="selectWeddingCardTest" time="1.567"/>
</testsuite> <!-- testCases.MmtResultPageTest -->
