<?xml version="1.0" encoding="UTF-8"?>
<!-- Generated by org.testng.reporters.JUnitReportReporter -->
<testsuite hostname="LTIN293180" failures="0" tests="6" name="testCases.MmtHomeTest" time="6.315" errors="0" timestamp="2024-02-01T01:32:32 IST" skipped="0">
  <testcase classname="testCases.MmtHomeTest" name="clickOnCabsTest" time="0.315"/>
  <testcase classname="testCases.MmtHomeTest" name="inputfromCityTest" time="1.299"/>
  <testcase classname="testCases.MmtHomeTest" name="inputToCityTest" time="0.895"/>
  <testcase classname="testCases.MmtHomeTest" name="inputDateTest" time="0.313"/>
  <testcase classname="testCases.MmtHomeTest" name="inputTimeTest" time="1.403"/>
  <testcase classname="testCases.MmtHomeTest" name="clickOnSearchTest" time="2.090"/>
</testsuite> <!-- testCases.MmtHomeTest -->
