<?xml version="1.0" encoding="UTF-8"?>
<!-- Generated by org.testng.reporters.JUnitReportReporter -->
<testsuite hostname="LTIN293180" failures="0" tests="16" name="testCases.MmtCheckoutTest" time="47.231" errors="0" timestamp="2024-01-31T13:05:23 IST" skipped="0">
  <testcase classname="testCases.MmtCheckoutTest" name="clickOnCabsTest" time="0.280"/>
  <testcase classname="testCases.MmtCheckoutTest" name="inputfromCityTest" time="1.643"/>
  <testcase classname="testCases.MmtCheckoutTest" name="inputToCityTest" time="2.024"/>
  <testcase classname="testCases.MmtCheckoutTest" name="inputDateTest" time="0.393"/>
  <testcase classname="testCases.MmtCheckoutTest" name="inputTimeTest" time="1.543"/>
  <testcase classname="testCases.MmtCheckoutTest" name="clickOnSearchTest" time="4.925"/>
  <testcase classname="testCases.MmtCheckoutTest" name="selectSUVTest" time="1.921"/>
  <testcase classname="testCases.MmtCheckoutTest" name="selectLowestPriceTest" time="0.382"/>
  <testcase classname="testCases.MmtCheckoutTest" name="selectGiftTest" time="3.798"/>
  <testcase classname="testCases.MmtCheckoutTest" name="selectWeddingCardTest" time="5.884"/>
  <testcase classname="testCases.MmtCheckoutTest" name="inputSenderDetailsTest" time="5.202"/>
  <testcase classname="testCases.MmtCheckoutTest" name="buyNowTest" time="5.727"/>
  <testcase classname="testCases.MmtCheckoutTest" name="selectGpayTest" time="5.225"/>
  <testcase classname="testCases.MmtCheckoutTest" name="enterUpiTest" time="3.687"/>
  <testcase classname="testCases.MmtCheckoutTest" name="getAlertMsgTest" time="0.450"/>
  <testcase classname="testCases.MmtCheckoutTest" name="goToHotelsTest" time="4.147"/>
</testsuite> <!-- testCases.MmtCheckoutTest -->
