<?xml version="1.0" encoding="UTF-8"?>
<!-- Generated by org.testng.reporters.JUnitReportReporter -->
<testsuite hostname="LTIN293180" failures="0" tests="14" name="testCases.TC04_SenderDetailsTest" time="18.488" errors="0" timestamp="2024-02-14T10:39:37 IST" skipped="0">
  <testcase classname="testCases.TC04_SenderDetailsTest" name="clickOnCabsTest" time="3.585"/>
  <testcase classname="testCases.TC04_SenderDetailsTest" name="inputfromCityTest" time="0.741"/>
  <testcase classname="testCases.TC04_SenderDetailsTest" name="inputToCityTest" time="0.760"/>
  <testcase classname="testCases.TC04_SenderDetailsTest" name="inputDateTest" time="0.189"/>
  <testcase classname="testCases.TC04_SenderDetailsTest" name="inputTimeTest" time="0.569"/>
  <testcase classname="testCases.TC04_SenderDetailsTest" name="clickOnSearchTest" time="2.330"/>
  <testcase classname="testCases.TC04_SenderDetailsTest" name="selectSUVTest" time="0.958"/>
  <testcase classname="testCases.TC04_SenderDetailsTest" name="selectLowestPriceTest" time="1.112"/>
  <testcase classname="testCases.TC04_SenderDetailsTest" name="selectGiftTest" time="1.950"/>
  <testcase classname="testCases.TC04_SenderDetailsTest" name="selectWeddingCardTest" time="1.360"/>
  <testcase classname="testCases.TC04_SenderDetailsTest" name="inputSenderandrecipientsDetailsTest" time="1.435"/>
  <testcase classname="testCases.TC04_SenderDetailsTest" name="getAlertMsgTest" time="0.326"/>
  <testcase classname="testCases.TC04_SenderDetailsTest" name="goToHotelsTest" time="0.432"/>
  <testcase classname="testCases.TC04_SenderDetailsTest" name="getNumberOfPeopleTest" time="2.741"/>
</testsuite> <!-- testCases.TC04_SenderDetailsTest -->
