<?xml version="1.0" encoding="UTF-8"?>
<!-- Generated by org.testng.reporters.JUnitReportReporter -->
<testsuite hostname="LTIN293180" failures="0" tests="6" name="testCases.MmyHomeTest" time="6.783" errors="0" timestamp="2024-01-25T21:23:22 IST" skipped="0">
  <testcase classname="testCases.MmyHomeTest" name="clickOnCabsTest" time="0.166"/>
  <testcase classname="testCases.MmyHomeTest" name="inputfromCityTest" time="2.075"/>
  <testcase classname="testCases.MmyHomeTest" name="inputToCityTest" time="0.793"/>
  <testcase classname="testCases.MmyHomeTest" name="inputDateTest" time="0.115"/>
  <testcase classname="testCases.MmyHomeTest" name="inputTimeTest" time="0.698"/>
  <testcase classname="testCases.MmyHomeTest" name="clickOnSearchTest" time="2.936"/>
</testsuite> <!-- testCases.MmyHomeTest -->
