<?xml version="1.0" encoding="UTF-8"?>
<!-- Generated by org.testng.reporters.JUnitReportReporter -->
<testsuite hostname="LTIN293180" failures="0" tests="9" name="testCases.TC02_MmtResultPageTest" time="9.590" errors="0" timestamp="2024-02-01T01:57:04 IST" skipped="0">
  <testcase classname="testCases.TC02_MmtResultPageTest" name="clickOnCabsTest" time="0.193"/>
  <testcase classname="testCases.TC02_MmtResultPageTest" name="inputfromCityTest" time="1.004"/>
  <testcase classname="testCases.TC02_MmtResultPageTest" name="inputToCityTest" time="0.953"/>
  <testcase classname="testCases.TC02_MmtResultPageTest" name="inputDateTest" time="0.231"/>
  <testcase classname="testCases.TC02_MmtResultPageTest" name="inputTimeTest" time="1.075"/>
  <testcase classname="testCases.TC02_MmtResultPageTest" name="clickOnSearchTest" time="2.071"/>
  <testcase classname="testCases.TC02_MmtResultPageTest" name="selectSUVTest" time="1.824"/>
  <testcase classname="testCases.TC02_MmtResultPageTest" name="selectLowestPriceTest" time="0.240"/>
  <testcase classname="testCases.TC02_MmtResultPageTest" name="selectGiftTest" time="1.999"/>
</testsuite> <!-- testCases.TC02_MmtResultPageTest -->
