<?xml version="1.0" encoding="UTF-8"?>
<!-- Generated by org.testng.reporters.JUnitReportReporter -->
<testsuite hostname="LTIN293180" failures="0" tests="6" name="testCases.TC01_MmtHomeTest" time="7.591" errors="0" timestamp="2024-02-01T09:46:46 IST" skipped="0">
  <testcase classname="testCases.TC01_MmtHomeTest" name="clickOnCabsTest" time="0.270"/>
  <testcase classname="testCases.TC01_MmtHomeTest" name="inputfromCityTest" time="0.837"/>
  <testcase classname="testCases.TC01_MmtHomeTest" name="inputToCityTest" time="0.877"/>
  <testcase classname="testCases.TC01_MmtHomeTest" name="inputDateTest" time="0.221"/>
  <testcase classname="testCases.TC01_MmtHomeTest" name="inputTimeTest" time="1.060"/>
  <testcase classname="testCases.TC01_MmtHomeTest" name="clickOnSearchTest" time="4.326"/>
</testsuite> <!-- testCases.TC01_MmtHomeTest -->
