<?xml version="1.0" encoding="UTF-8"?>
<!-- Generated by org.testng.reporters.JUnitReportReporter -->
<testsuite hostname="LTIN293180" failures="0" tests="14" name="testCases.TC04_SenderDetailsTest" time="24.521" errors="0" timestamp="2024-02-06T13:06:34 IST" skipped="0">
  <testcase classname="testCases.TC04_SenderDetailsTest" name="clickOnCabsTest" time="0.175"/>
  <testcase classname="testCases.TC04_SenderDetailsTest" name="inputfromCityTest" time="0.733"/>
  <testcase classname="testCases.TC04_SenderDetailsTest" name="inputToCityTest" time="2.958"/>
  <testcase classname="testCases.TC04_SenderDetailsTest" name="inputDateTest" time="0.188"/>
  <testcase classname="testCases.TC04_SenderDetailsTest" name="inputTimeTest" time="0.693"/>
  <testcase classname="testCases.TC04_SenderDetailsTest" name="clickOnSearchTest" time="7.165"/>
  <testcase classname="testCases.TC04_SenderDetailsTest" name="selectSUVTest" time="1.851"/>
  <testcase classname="testCases.TC04_SenderDetailsTest" name="selectLowestPriceTest" time="1.128"/>
  <testcase classname="testCases.TC04_SenderDetailsTest" name="selectGiftTest" time="2.636"/>
  <testcase classname="testCases.TC04_SenderDetailsTest" name="selectWeddingCardTest" time="2.066"/>
  <testcase classname="testCases.TC04_SenderDetailsTest" name="inputSenderandrecipientsDetailsTest" time="1.266"/>
  <testcase classname="testCases.TC04_SenderDetailsTest" name="getAlertMsgTest" time="0.336"/>
  <testcase classname="testCases.TC04_SenderDetailsTest" name="goToHotelsTest" time="0.397"/>
  <testcase classname="testCases.TC04_SenderDetailsTest" name="getNumberOfPeopleTest" time="2.929"/>
</testsuite> <!-- testCases.TC04_SenderDetailsTest -->
