<?xml version="1.0" encoding="UTF-8"?>
<!-- Generated by org.testng.reporters.JUnitReportReporter -->
<testsuite hostname="LTIN293180" failures="0" tests="14" name="testCases.TC04_SenderDetailsTest" time="16.638" errors="0" timestamp="2024-02-04T23:15:37 IST" skipped="0">
  <testcase classname="testCases.TC04_SenderDetailsTest" name="clickOnCabsTest" time="0.450"/>
  <testcase classname="testCases.TC04_SenderDetailsTest" name="inputfromCityTest" time="0.983"/>
  <testcase classname="testCases.TC04_SenderDetailsTest" name="inputToCityTest" time="1.210"/>
  <testcase classname="testCases.TC04_SenderDetailsTest" name="inputDateTest" time="0.281"/>
  <testcase classname="testCases.TC04_SenderDetailsTest" name="inputTimeTest" time="1.276"/>
  <testcase classname="testCases.TC04_SenderDetailsTest" name="clickOnSearchTest" time="1.924"/>
  <testcase classname="testCases.TC04_SenderDetailsTest" name="selectSUVTest" time="2.091"/>
  <testcase classname="testCases.TC04_SenderDetailsTest" name="selectLowestPriceTest" time="0.347"/>
  <testcase classname="testCases.TC04_SenderDetailsTest" name="selectGiftTest" time="2.302"/>
  <testcase classname="testCases.TC04_SenderDetailsTest" name="selectWeddingCardTest" time="2.033"/>
  <testcase classname="testCases.TC04_SenderDetailsTest" name="inputSenderDetailsTest" time="1.638"/>
  <testcase classname="testCases.TC04_SenderDetailsTest" name="getAlertMsgTest" time="0.240"/>
  <testcase classname="testCases.TC04_SenderDetailsTest" name="goToHotelsTest" time="0.446"/>
  <testcase classname="testCases.TC04_SenderDetailsTest" name="getNumberOfPeopleTest" time="1.417"/>
</testsuite> <!-- testCases.TC04_SenderDetailsTest -->
