<?xml version="1.0" encoding="UTF-8"?>
<!-- Generated by org.testng.reporters.JUnitReportReporter -->
<testsuite hostname="LTIN293180" failures="0" tests="6" name="testCases.TC01_MmtHomeTest" time="13.710" errors="0" timestamp="2024-02-01T18:08:04 IST" skipped="0">
  <testcase classname="testCases.TC01_MmtHomeTest" name="clickOnCabsTest" time="0.301"/>
  <testcase classname="testCases.TC01_MmtHomeTest" name="inputfromCityTest" time="1.072"/>
  <testcase classname="testCases.TC01_MmtHomeTest" name="inputToCityTest" time="2.747"/>
  <testcase classname="testCases.TC01_MmtHomeTest" name="inputDateTest" time="0.288"/>
  <testcase classname="testCases.TC01_MmtHomeTest" name="inputTimeTest" time="1.435"/>
  <testcase classname="testCases.TC01_MmtHomeTest" name="clickOnSearchTest" time="7.867"/>
</testsuite> <!-- testCases.TC01_MmtHomeTest -->
