<?xml version="1.0" encoding="UTF-8"?>
<!-- Generated by org.testng.reporters.JUnitReportReporter -->
<testsuite hostname="LTIN293180" failures="0" tests="10" name="testCases.TC03_GiftCardsTest" time="18.946" errors="0" timestamp="2024-02-01T18:08:04 IST" skipped="0">
  <testcase classname="testCases.TC03_GiftCardsTest" name="clickOnCabsTest" time="0.182"/>
  <testcase classname="testCases.TC03_GiftCardsTest" name="inputfromCityTest" time="0.821"/>
  <testcase classname="testCases.TC03_GiftCardsTest" name="inputToCityTest" time="2.592"/>
  <testcase classname="testCases.TC03_GiftCardsTest" name="inputDateTest" time="0.207"/>
  <testcase classname="testCases.TC03_GiftCardsTest" name="inputTimeTest" time="0.824"/>
  <testcase classname="testCases.TC03_GiftCardsTest" name="clickOnSearchTest" time="3.632"/>
  <testcase classname="testCases.TC03_GiftCardsTest" name="selectSUVTest" time="1.977"/>
  <testcase classname="testCases.TC03_GiftCardsTest" name="selectLowestPriceTest" time="0.348"/>
  <testcase classname="testCases.TC03_GiftCardsTest" name="selectGiftTest" time="3.184"/>
  <testcase classname="testCases.TC03_GiftCardsTest" name="selectWeddingCardTest" time="5.179"/>
</testsuite> <!-- testCases.TC03_GiftCardsTest -->
