<?xml version="1.0" encoding="UTF-8"?>
<!-- Generated by org.testng.reporters.JUnitReportReporter -->
<testsuite hostname="LTIN293180" failures="0" tests="14" name="testCases.TC04_SenderDetailsTest" time="15.008" errors="0" timestamp="2024-02-04T21:47:27 IST" skipped="0">
  <testcase classname="testCases.TC04_SenderDetailsTest" name="clickOnCabsTest" time="0.423"/>
  <testcase classname="testCases.TC04_SenderDetailsTest" name="inputfromCityTest" time="1.111"/>
  <testcase classname="testCases.TC04_SenderDetailsTest" name="inputToCityTest" time="1.022"/>
  <testcase classname="testCases.TC04_SenderDetailsTest" name="inputDateTest" time="0.407"/>
  <testcase classname="testCases.TC04_SenderDetailsTest" name="inputTimeTest" time="1.257"/>
  <testcase classname="testCases.TC04_SenderDetailsTest" name="clickOnSearchTest" time="1.953"/>
  <testcase classname="testCases.TC04_SenderDetailsTest" name="selectSUVTest" time="1.435"/>
  <testcase classname="testCases.TC04_SenderDetailsTest" name="selectLowestPriceTest" time="0.241"/>
  <testcase classname="testCases.TC04_SenderDetailsTest" name="selectGiftTest" time="1.382"/>
  <testcase classname="testCases.TC04_SenderDetailsTest" name="selectWeddingCardTest" time="1.647"/>
  <testcase classname="testCases.TC04_SenderDetailsTest" name="inputSenderDetailsTest" time="1.851"/>
  <testcase classname="testCases.TC04_SenderDetailsTest" name="getAlertMsgTest" time="0.269"/>
  <testcase classname="testCases.TC04_SenderDetailsTest" name="goToHotelsTest" time="0.405"/>
  <testcase classname="testCases.TC04_SenderDetailsTest" name="getNumberOfPeopleTest" time="1.605"/>
</testsuite> <!-- testCases.TC04_SenderDetailsTest -->
