<?xml version="1.0" encoding="UTF-8"?>
<!-- Generated by org.testng.reporters.JUnitReportReporter -->
<testsuite hostname="LTIN293180" failures="0" tests="14" name="testCases.TC04_SenderDetailsTest" time="20.439" errors="0" timestamp="2024-02-14T10:26:13 IST" skipped="0">
  <testcase classname="testCases.TC04_SenderDetailsTest" name="clickOnCabsTest" time="5.195"/>
  <testcase classname="testCases.TC04_SenderDetailsTest" name="inputfromCityTest" time="0.729"/>
  <testcase classname="testCases.TC04_SenderDetailsTest" name="inputToCityTest" time="0.899"/>
  <testcase classname="testCases.TC04_SenderDetailsTest" name="inputDateTest" time="0.180"/>
  <testcase classname="testCases.TC04_SenderDetailsTest" name="inputTimeTest" time="0.660"/>
  <testcase classname="testCases.TC04_SenderDetailsTest" name="clickOnSearchTest" time="1.758"/>
  <testcase classname="testCases.TC04_SenderDetailsTest" name="selectSUVTest" time="1.776"/>
  <testcase classname="testCases.TC04_SenderDetailsTest" name="selectLowestPriceTest" time="1.044"/>
  <testcase classname="testCases.TC04_SenderDetailsTest" name="selectGiftTest" time="1.710"/>
  <testcase classname="testCases.TC04_SenderDetailsTest" name="selectWeddingCardTest" time="1.378"/>
  <testcase classname="testCases.TC04_SenderDetailsTest" name="inputSenderandrecipientsDetailsTest" time="1.570"/>
  <testcase classname="testCases.TC04_SenderDetailsTest" name="getAlertMsgTest" time="0.338"/>
  <testcase classname="testCases.TC04_SenderDetailsTest" name="goToHotelsTest" time="0.367"/>
  <testcase classname="testCases.TC04_SenderDetailsTest" name="getNumberOfPeopleTest" time="2.835"/>
</testsuite> <!-- testCases.TC04_SenderDetailsTest -->
