<?xml version="1.0" encoding="UTF-8"?>
<!-- Generated by org.testng.reporters.JUnitReportReporter -->
<testsuite hostname="LTIN293180" failures="0" tests="9" name="testCases.TC02_MmtResultPageTest" time="14.882" errors="0" timestamp="2024-02-01T18:08:04 IST" skipped="0">
  <testcase classname="testCases.TC02_MmtResultPageTest" name="clickOnCabsTest" time="0.274"/>
  <testcase classname="testCases.TC02_MmtResultPageTest" name="inputfromCityTest" time="0.904"/>
  <testcase classname="testCases.TC02_MmtResultPageTest" name="inputToCityTest" time="2.247"/>
  <testcase classname="testCases.TC02_MmtResultPageTest" name="inputDateTest" time="0.309"/>
  <testcase classname="testCases.TC02_MmtResultPageTest" name="inputTimeTest" time="0.919"/>
  <testcase classname="testCases.TC02_MmtResultPageTest" name="clickOnSearchTest" time="5.474"/>
  <testcase classname="testCases.TC02_MmtResultPageTest" name="selectSUVTest" time="1.716"/>
  <testcase classname="testCases.TC02_MmtResultPageTest" name="selectLowestPriceTest" time="0.326"/>
  <testcase classname="testCases.TC02_MmtResultPageTest" name="selectGiftTest" time="2.713"/>
</testsuite> <!-- testCases.TC02_MmtResultPageTest -->
